<?xml version="1.0" encoding="UTF-8"?>
<testng-results skipped="0" failed="0" ignored="0" total="1" passed="1">
  <reporter-output>
  </reporter-output>
  <suite name="Default suite" duration-ms="10179" started-at="2024-06-10T15:35:22 IST" finished-at="2024-06-10T15:35:32 IST">
    <groups>
    </groups>
    <test name="Default test" duration-ms="10179" started-at="2024-06-10T15:35:22 IST" finished-at="2024-06-10T15:35:32 IST">
      <class name="TestScripts.TestScript005_Test">
        <test-method status="PASS" signature="Launch()[pri:0, instance:TestScripts.TestScript005_Test@c46bcd4]" name="Launch" is-config="true" duration-ms="5618" started-at="2024-06-10T15:35:22 IST" finished-at="2024-06-10T15:35:28 IST">
          <reporter-output>
          </reporter-output>
        </test-method> <!-- Launch -->
        <test-method status="PASS" signature="TestScript001_Test()[pri:0, instance:TestScripts.TestScript005_Test@c46bcd4]" name="TestScript001_Test" duration-ms="4521" started-at="2024-06-10T15:35:28 IST" finished-at="2024-06-10T15:35:32 IST">
          <reporter-output>
          </reporter-output>
        </test-method> <!-- TestScript001_Test -->
      </class> <!-- TestScripts.TestScript005_Test -->
    </test> <!-- Default test -->
  </suite> <!-- Default suite -->
</testng-results>
